Feb 06 2024 08:32:00
{"type":8192,"message":"Using ${var} in strings is deprecated, use {$var} instead","file":"C:\\xampp\\htdocs\\BookSpot\\wp-content\\plugins\\simply-static\\src\\class-ss-query.php","line":397}

Feb 06 2024 08:32:01
{"type":8192,"message":"Using ${var} in strings is deprecated, use {$var} instead","file":"C:\\xampp\\htdocs\\BookSpot\\wp-content\\plugins\\simply-static\\src\\class-ss-query.php","line":397}

Feb 06 2024 08:32:01
{"type":8192,"message":"Using ${var} in strings is deprecated, use {$var} instead","file":"C:\\xampp\\htdocs\\BookSpot\\wp-content\\plugins\\simply-static\\src\\class-ss-query.php","line":397}

Feb 06 2024 08:32:02
{"type":8192,"message":"Using ${var} in strings is deprecated, use {$var} instead","file":"C:\\xampp\\htdocs\\BookSpot\\wp-content\\plugins\\simply-static\\src\\class-ss-query.php","line":397}

Feb 06 2024 08:32:03
{"type":8192,"message":"Using ${var} in strings is deprecated, use {$var} instead","file":"C:\\xampp\\htdocs\\BookSpot\\wp-content\\plugins\\simply-static\\src\\class-ss-query.php","line":397}

Feb 06 2024 08:32:03
{"type":8192,"message":"Using ${var} in strings is deprecated, use {$var} instead","file":"C:\\xampp\\htdocs\\BookSpot\\wp-content\\plugins\\simply-static\\src\\class-ss-query.php","line":397}

Feb 06 2024 08:32:04
{"type":8192,"message":"Using ${var} in strings is deprecated, use {$var} instead","file":"C:\\xampp\\htdocs\\BookSpot\\wp-content\\plugins\\simply-static\\src\\class-ss-query.php","line":397}

Feb 06 2024 08:32:04
{"type":8192,"message":"Using ${var} in strings is deprecated, use {$var} instead","file":"C:\\xampp\\htdocs\\BookSpot\\wp-content\\plugins\\simply-static\\src\\class-ss-query.php","line":397}

Feb 06 2024 08:32:05
{"type":8192,"message":"Using ${var} in strings is deprecated, use {$var} instead","file":"C:\\xampp\\htdocs\\BookSpot\\wp-content\\plugins\\simply-static\\src\\class-ss-query.php","line":397}

Feb 06 2024 08:32:06
{"type":8192,"message":"Using ${var} in strings is deprecated, use {$var} instead","file":"C:\\xampp\\htdocs\\BookSpot\\wp-content\\plugins\\simply-static\\src\\class-ss-query.php","line":397}

Feb 06 2024 08:32:06
{"type":8192,"message":"Using ${var} in strings is deprecated, use {$var} instead","file":"C:\\xampp\\htdocs\\BookSpot\\wp-content\\plugins\\simply-static\\src\\class-ss-query.php","line":397}

Feb 06 2024 08:32:07
{"type":8192,"message":"Using ${var} in strings is deprecated, use {$var} instead","file":"C:\\xampp\\htdocs\\BookSpot\\wp-content\\plugins\\simply-static\\src\\class-ss-query.php","line":397}

Feb 06 2024 08:32:07
{"type":8192,"message":"Using ${var} in strings is deprecated, use {$var} instead","file":"C:\\xampp\\htdocs\\BookSpot\\wp-content\\plugins\\simply-static\\src\\class-ss-query.php","line":397}

Feb 06 2024 08:32:08
{"type":8192,"message":"Using ${var} in strings is deprecated, use {$var} instead","file":"C:\\xampp\\htdocs\\BookSpot\\wp-content\\plugins\\simply-static\\src\\class-ss-query.php","line":397}

Feb 06 2024 08:32:09
{"type":8192,"message":"Using ${var} in strings is deprecated, use {$var} instead","file":"C:\\xampp\\htdocs\\BookSpot\\wp-content\\plugins\\simply-static\\src\\class-ss-query.php","line":397}

Feb 06 2024 08:32:09
{"type":8192,"message":"Using ${var} in strings is deprecated, use {$var} instead","file":"C:\\xampp\\htdocs\\BookSpot\\wp-content\\plugins\\simply-static\\src\\class-ss-query.php","line":397}

Feb 06 2024 08:32:10
{"type":8192,"message":"Using ${var} in strings is deprecated, use {$var} instead","file":"C:\\xampp\\htdocs\\BookSpot\\wp-content\\plugins\\simply-static\\src\\class-ss-query.php","line":397}

Feb 06 2024 08:32:10
{"type":8192,"message":"Using ${var} in strings is deprecated, use {$var} instead","file":"C:\\xampp\\htdocs\\BookSpot\\wp-content\\plugins\\simply-static\\src\\class-ss-query.php","line":397}

Feb 06 2024 08:32:11
{"type":8192,"message":"Using ${var} in strings is deprecated, use {$var} instead","file":"C:\\xampp\\htdocs\\BookSpot\\wp-content\\plugins\\simply-static\\src\\class-ss-query.php","line":397}

Feb 06 2024 08:32:11
{"type":8192,"message":"Using ${var} in strings is deprecated, use {$var} instead","file":"C:\\xampp\\htdocs\\BookSpot\\wp-content\\plugins\\simply-static\\src\\class-ss-query.php","line":397}

Feb 06 2024 08:32:12
{"type":8192,"message":"Using ${var} in strings is deprecated, use {$var} instead","file":"C:\\xampp\\htdocs\\BookSpot\\wp-content\\plugins\\simply-static\\src\\class-ss-query.php","line":397}

Feb 06 2024 08:32:13
{"type":8192,"message":"Using ${var} in strings is deprecated, use {$var} instead","file":"C:\\xampp\\htdocs\\BookSpot\\wp-content\\plugins\\simply-static\\src\\class-ss-query.php","line":397}

Feb 06 2024 08:32:13
{"type":8192,"message":"Using ${var} in strings is deprecated, use {$var} instead","file":"C:\\xampp\\htdocs\\BookSpot\\wp-content\\plugins\\simply-static\\src\\class-ss-query.php","line":397}

Feb 06 2024 08:32:14
{"type":8192,"message":"Using ${var} in strings is deprecated, use {$var} instead","file":"C:\\xampp\\htdocs\\BookSpot\\wp-content\\plugins\\simply-static\\src\\class-ss-query.php","line":397}

Feb 06 2024 08:32:14
{"type":8192,"message":"Using ${var} in strings is deprecated, use {$var} instead","file":"C:\\xampp\\htdocs\\BookSpot\\wp-content\\plugins\\simply-static\\src\\class-ss-query.php","line":397}

Feb 06 2024 08:32:15
{"type":8192,"message":"Using ${var} in strings is deprecated, use {$var} instead","file":"C:\\xampp\\htdocs\\BookSpot\\wp-content\\plugins\\simply-static\\src\\class-ss-query.php","line":397}

Feb 06 2024 08:32:16
{"type":8192,"message":"Using ${var} in strings is deprecated, use {$var} instead","file":"C:\\xampp\\htdocs\\BookSpot\\wp-content\\plugins\\simply-static\\src\\class-ss-query.php","line":397}

Feb 06 2024 08:32:16
{"type":8192,"message":"Using ${var} in strings is deprecated, use {$var} instead","file":"C:\\xampp\\htdocs\\BookSpot\\wp-content\\plugins\\simply-static\\src\\class-ss-query.php","line":397}

Feb 06 2024 08:32:17
{"type":8192,"message":"Using ${var} in strings is deprecated, use {$var} instead","file":"C:\\xampp\\htdocs\\BookSpot\\wp-content\\plugins\\simply-static\\src\\class-ss-query.php","line":397}

Feb 06 2024 08:32:17
{"type":8192,"message":"Using ${var} in strings is deprecated, use {$var} instead","file":"C:\\xampp\\htdocs\\BookSpot\\wp-content\\plugins\\simply-static\\src\\class-ss-query.php","line":397}

Feb 06 2024 08:32:18
{"type":8192,"message":"Using ${var} in strings is deprecated, use {$var} instead","file":"C:\\xampp\\htdocs\\BookSpot\\wp-content\\plugins\\simply-static\\src\\class-ss-query.php","line":397}

Feb 06 2024 08:32:18
{"type":8192,"message":"Using ${var} in strings is deprecated, use {$var} instead","file":"C:\\xampp\\htdocs\\BookSpot\\wp-content\\plugins\\simply-static\\src\\class-ss-query.php","line":397}

Feb 06 2024 08:32:19
{"type":8192,"message":"Using ${var} in strings is deprecated, use {$var} instead","file":"C:\\xampp\\htdocs\\BookSpot\\wp-content\\plugins\\simply-static\\src\\class-ss-query.php","line":397}

Feb 06 2024 08:32:20
{"type":8192,"message":"Using ${var} in strings is deprecated, use {$var} instead","file":"C:\\xampp\\htdocs\\BookSpot\\wp-content\\plugins\\simply-static\\src\\class-ss-query.php","line":397}

Feb 06 2024 08:32:20
{"type":8192,"message":"Using ${var} in strings is deprecated, use {$var} instead","file":"C:\\xampp\\htdocs\\BookSpot\\wp-content\\plugins\\simply-static\\src\\class-ss-query.php","line":397}

Feb 06 2024 08:32:21
{"type":8192,"message":"Using ${var} in strings is deprecated, use {$var} instead","file":"C:\\xampp\\htdocs\\BookSpot\\wp-content\\plugins\\simply-static\\src\\class-ss-query.php","line":397}

Feb 06 2024 08:32:21
{"type":8192,"message":"Using ${var} in strings is deprecated, use {$var} instead","file":"C:\\xampp\\htdocs\\BookSpot\\wp-content\\plugins\\simply-static\\src\\class-ss-query.php","line":397}

Feb 06 2024 08:32:22
{"type":8192,"message":"Using ${var} in strings is deprecated, use {$var} instead","file":"C:\\xampp\\htdocs\\BookSpot\\wp-content\\plugins\\simply-static\\src\\class-ss-query.php","line":397}

Feb 06 2024 08:32:22
{"type":8192,"message":"Using ${var} in strings is deprecated, use {$var} instead","file":"C:\\xampp\\htdocs\\BookSpot\\wp-content\\plugins\\simply-static\\src\\class-ss-query.php","line":397}

Feb 06 2024 08:32:23
{"type":8192,"message":"Using ${var} in strings is deprecated, use {$var} instead","file":"C:\\xampp\\htdocs\\BookSpot\\wp-content\\plugins\\simply-static\\src\\class-ss-query.php","line":397}

Feb 06 2024 08:32:24
{"type":8192,"message":"Using ${var} in strings is deprecated, use {$var} instead","file":"C:\\xampp\\htdocs\\BookSpot\\wp-content\\plugins\\simply-static\\src\\class-ss-query.php","line":397}

Feb 06 2024 08:32:24
{"type":8192,"message":"Using ${var} in strings is deprecated, use {$var} instead","file":"C:\\xampp\\htdocs\\BookSpot\\wp-content\\plugins\\simply-static\\src\\class-ss-query.php","line":397}

Feb 06 2024 08:32:25
{"type":8192,"message":"Using ${var} in strings is deprecated, use {$var} instead","file":"C:\\xampp\\htdocs\\BookSpot\\wp-content\\plugins\\simply-static\\src\\class-ss-query.php","line":397}

Feb 06 2024 08:32:25
{"type":8192,"message":"Using ${var} in strings is deprecated, use {$var} instead","file":"C:\\xampp\\htdocs\\BookSpot\\wp-content\\plugins\\simply-static\\src\\class-ss-query.php","line":397}

Feb 06 2024 08:32:26
{"type":8192,"message":"Using ${var} in strings is deprecated, use {$var} instead","file":"C:\\xampp\\htdocs\\BookSpot\\wp-content\\plugins\\simply-static\\src\\class-ss-query.php","line":397}

Feb 06 2024 08:32:26
{"type":8192,"message":"Using ${var} in strings is deprecated, use {$var} instead","file":"C:\\xampp\\htdocs\\BookSpot\\wp-content\\plugins\\simply-static\\src\\class-ss-query.php","line":397}

Feb 06 2024 08:32:27
{"type":8192,"message":"Using ${var} in strings is deprecated, use {$var} instead","file":"C:\\xampp\\htdocs\\BookSpot\\wp-content\\plugins\\simply-static\\src\\class-ss-query.php","line":397}

Feb 06 2024 08:32:28
{"type":8192,"message":"Using ${var} in strings is deprecated, use {$var} instead","file":"C:\\xampp\\htdocs\\BookSpot\\wp-content\\plugins\\simply-static\\src\\class-ss-query.php","line":397}

Feb 06 2024 08:32:28
{"type":8192,"message":"Using ${var} in strings is deprecated, use {$var} instead","file":"C:\\xampp\\htdocs\\BookSpot\\wp-content\\plugins\\simply-static\\src\\class-ss-query.php","line":397}

Feb 06 2024 08:32:29
{"type":8192,"message":"Using ${var} in strings is deprecated, use {$var} instead","file":"C:\\xampp\\htdocs\\BookSpot\\wp-content\\plugins\\simply-static\\src\\class-ss-query.php","line":397}

Feb 06 2024 08:32:29
{"type":8192,"message":"Using ${var} in strings is deprecated, use {$var} instead","file":"C:\\xampp\\htdocs\\BookSpot\\wp-content\\plugins\\simply-static\\src\\class-ss-query.php","line":397}

Feb 06 2024 08:32:30
{"type":8192,"message":"Using ${var} in strings is deprecated, use {$var} instead","file":"C:\\xampp\\htdocs\\BookSpot\\wp-content\\plugins\\simply-static\\src\\class-ss-query.php","line":397}

Feb 06 2024 08:32:30
{"type":8192,"message":"Using ${var} in strings is deprecated, use {$var} instead","file":"C:\\xampp\\htdocs\\BookSpot\\wp-content\\plugins\\simply-static\\src\\class-ss-query.php","line":397}

Feb 06 2024 08:32:31
{"type":8192,"message":"Using ${var} in strings is deprecated, use {$var} instead","file":"C:\\xampp\\htdocs\\BookSpot\\wp-content\\plugins\\simply-static\\src\\class-ss-query.php","line":397}

Feb 06 2024 08:32:31
{"type":8192,"message":"Using ${var} in strings is deprecated, use {$var} instead","file":"C:\\xampp\\htdocs\\BookSpot\\wp-content\\plugins\\simply-static\\src\\class-ss-query.php","line":397}

Feb 06 2024 08:32:32
{"type":8192,"message":"Using ${var} in strings is deprecated, use {$var} instead","file":"C:\\xampp\\htdocs\\BookSpot\\wp-content\\plugins\\simply-static\\src\\class-ss-query.php","line":397}

Feb 06 2024 08:32:41
{"type":8192,"message":"Using ${var} in strings is deprecated, use {$var} instead","file":"C:\\xampp\\htdocs\\BookSpot\\wp-content\\plugins\\simply-static\\src\\class-ss-query.php","line":397}

Feb 06 2024 08:32:41
{"type":8192,"message":"Using ${var} in strings is deprecated, use {$var} instead","file":"C:\\xampp\\htdocs\\BookSpot\\wp-content\\plugins\\simply-static\\src\\class-ss-query.php","line":397}

Feb 06 2024 08:32:52
{"type":8192,"message":"Using ${var} in strings is deprecated, use {$var} instead","file":"C:\\xampp\\htdocs\\BookSpot\\wp-content\\plugins\\simply-static\\src\\class-ss-query.php","line":397}

Feb 06 2024 08:33:02
{"type":8192,"message":"Using ${var} in strings is deprecated, use {$var} instead","file":"C:\\xampp\\htdocs\\BookSpot\\wp-content\\plugins\\simply-static\\src\\class-ss-query.php","line":397}

Feb 06 2024 08:33:13
{"type":8192,"message":"Using ${var} in strings is deprecated, use {$var} instead","file":"C:\\xampp\\htdocs\\BookSpot\\wp-content\\plugins\\simply-static\\src\\class-ss-query.php","line":397}

Feb 06 2024 08:33:23
{"type":8192,"message":"Using ${var} in strings is deprecated, use {$var} instead","file":"C:\\xampp\\htdocs\\BookSpot\\wp-content\\plugins\\simply-static\\src\\class-ss-query.php","line":397}

Feb 06 2024 08:33:34
{"type":8192,"message":"Using ${var} in strings is deprecated, use {$var} instead","file":"C:\\xampp\\htdocs\\BookSpot\\wp-content\\plugins\\simply-static\\src\\class-ss-query.php","line":397}

Feb 06 2024 08:33:44
{"type":8192,"message":"Using ${var} in strings is deprecated, use {$var} instead","file":"C:\\xampp\\htdocs\\BookSpot\\wp-content\\plugins\\simply-static\\src\\class-ss-query.php","line":397}

Feb 06 2024 08:33:53
{"type":8192,"message":"Using ${var} in strings is deprecated, use {$var} instead","file":"C:\\xampp\\htdocs\\BookSpot\\wp-content\\plugins\\simply-static\\src\\class-ss-query.php","line":397}

Feb 06 2024 08:33:54
{"type":8192,"message":"Using ${var} in strings is deprecated, use {$var} instead","file":"C:\\xampp\\htdocs\\BookSpot\\wp-content\\plugins\\simply-static\\src\\class-ss-query.php","line":397}

Feb 06 2024 08:33:54
{"Number":8192,"Message":"Creation of dynamic property Ai1wm_Database_Mysqli::$old_replace_raw_values is deprecated","File":"C:\\xampp\\htdocs\\BookSpot\\wp-content\\plugins\\all-in-one-wp-migration\\lib\\vendor\\servmask\\database\\class-ai1wm-database.php","Line":300}

Feb 06 2024 08:33:54
{"Number":8192,"Message":"Creation of dynamic property Ai1wm_Database_Mysqli::$new_replace_raw_values is deprecated","File":"C:\\xampp\\htdocs\\BookSpot\\wp-content\\plugins\\all-in-one-wp-migration\\lib\\vendor\\servmask\\database\\class-ai1wm-database.php","Line":321}

Feb 06 2024 08:33:57
{"type":8192,"message":"Using ${var} in strings is deprecated, use {$var} instead","file":"C:\\xampp\\htdocs\\BookSpot\\wp-content\\plugins\\simply-static\\src\\class-ss-query.php","line":397}

Feb 06 2024 08:33:59
{"type":8192,"message":"Return type of Ai1wm_Recursive_Newline_Filter::accept() should either be compatible with FilterIterator::accept(): bool, or the #[\\ReturnTypeWillChange] attribute should be used to temporarily suppress the notice","file":"C:\\xampp\\htdocs\\BookSpot\\wp-content\\plugins\\all-in-one-wp-migration\\lib\\vendor\\servmask\\filter\\class-ai1wm-recursive-newline-filter.php","line":28}

Feb 06 2024 08:34:15
{"type":8192,"message":"Constant FILTER_SANITIZE_STRING is deprecated","file":"C:\\xampp\\htdocs\\BookSpot\\wp-content\\plugins\\astra-sites\\admin\\bsf-analytics\\class-bsf-analytics-stats.php","line":71}

